<?xml version="1.0" encoding="UTF-8"?>
<!-- Generated by org.testng.reporters.JUnitReportReporter -->
<testsuite hostname="SRIJIT-PC" failures="0" tests="2" name="tests.LoginTest" time="35.190" errors="0" timestamp="2025-02-15T22:29:21 IST" skipped="0">
  <testcase classname="tests.LoginTest" name="login" time="29.995"/>
  <system-out/>
  <testcase classname="tests.LoginTest" name="login" time="5.195"/>
  <system-out/>
</testsuite> <!-- tests.LoginTest -->
