<?xml version="1.0" encoding="UTF-8"?>
<!-- Generated by org.testng.reporters.JUnitReportReporter -->
<testsuite hostname="SRIJIT-PC" failures="0" tests="1" name="runner.Runner" time="8.941" errors="0" timestamp="2025-02-15T00:05:18 IST" skipped="0">
  <testcase classname="runner.Runner" name="runScenario" time="8.941"/>
  <system-out/>
</testsuite> <!-- runner.Runner -->
