<?xml version="1.0" encoding="UTF-8"?>
<!-- Generated by org.testng.reporters.JUnitReportReporter -->
<testsuite hostname="SRIJIT-PC" failures="0" tests="2" name="tests.SearchProductTest" time="32.166" errors="0" timestamp="2025-02-15T22:29:21 IST" skipped="0">
  <testcase classname="tests.SearchProductTest" name="searchProduct" time="16.331"/>
  <system-out/>
  <testcase classname="tests.SearchProductTest" name="searchProduct" time="15.835"/>
  <system-out/>
</testsuite> <!-- tests.SearchProductTest -->
