<?xml version="1.0" encoding="UTF-8"?>
<!-- Generated by org.testng.reporters.JUnitReportReporter -->
<testsuite hostname="SRIJIT-PC" failures="0" tests="1" name="runner.Runner" time="11.381" errors="0" timestamp="2025-02-14T21:30:09 IST" skipped="0">
  <testcase classname="runner.Runner" name="runScenario" time="11.381"/>
</testsuite> <!-- runner.Runner -->
