<?xml version="1.0" encoding="UTF-8"?>
<!-- Generated by org.testng.reporters.JUnitReportReporter -->
<testsuite hostname="SRIJIT-PC" failures="0" tests="2" name="tests.SearchProductTest" time="33.667" errors="0" timestamp="2025-02-15T22:30:10 IST" skipped="0">
  <testcase classname="tests.SearchProductTest" name="searchProduct" time="15.679"/>
  <testcase classname="tests.SearchProductTest" name="searchProduct" time="17.988"/>
</testsuite> <!-- tests.SearchProductTest -->
