<?xml version="1.0" encoding="UTF-8"?>
<!-- Generated by org.testng.reporters.JUnitReportReporter -->
<testsuite hostname="SRIJIT-PC" failures="0" tests="2" name="tests.LoginTest" time="15.057" errors="0" timestamp="2025-02-15T22:30:10 IST" skipped="0">
  <testcase classname="tests.LoginTest" name="login" time="3.625"/>
  <testcase classname="tests.LoginTest" name="login" time="11.432"/>
</testsuite> <!-- tests.LoginTest -->
